{
  "RSpec": {
    "coverage": {
      "/home/developer/DemoProject/app/models/user.rb": [
        1,
        null,
        null,
        1,
        null,
        null,
        1,
        null,
        1,
        1,
        1,
        1,
        1,
        null
      ],
      "/home/developer/DemoProject/app/models/application_record.rb": [
        1,
        1,
        null
      ],
      "/home/developer/DemoProject/app/helpers/addproducts_helper.rb": [
        1,
        null
      ],
      "/home/developer/DemoProject/app/helpers/adminhomepage_helper.rb": [
        1,
        null
      ],
      "/home/developer/DemoProject/app/helpers/application_helper.rb": [
        1,
        null
      ],
      "/home/developer/DemoProject/app/helpers/cartdataitems_helper.rb": [
        1,
        null
      ],
      "/home/developer/DemoProject/app/helpers/carts_helper.rb": [
        1,
        null
      ],
      "/home/developer/DemoProject/app/helpers/categories_helper.rb": [
        1,
        null
      ],
      "/home/developer/DemoProject/app/helpers/homepage_helper.rb": [
        1,
        null
      ],
      "/home/developer/DemoProject/app/helpers/order_items_helper.rb": [
        1,
        null
      ],
      "/home/developer/DemoProject/app/helpers/orders_helper.rb": [
        1,
        null
      ],
      "/home/developer/DemoProject/app/helpers/product_statuses_helper.rb": [
        1,
        null
      ],
      "/home/developer/DemoProject/app/helpers/subcategories_helper.rb": [
        1,
        null
      ],
      "/home/developer/DemoProject/app/helpers/useraddresses_helper.rb": [
        1,
        null
      ],
      "/home/developer/DemoProject/app/helpers/wishlist_items_helper.rb": [
        1,
        null
      ],
      "/home/developer/DemoProject/app/helpers/wishlists_helper.rb": [
        1,
        null
      ],
      "/home/developer/DemoProject/app/controllers/products_controller.rb": [
        1,
        1,
        null,
        1,
        1,
        null,
        null,
        1,
        0,
        0,
        null,
        null,
        1,
        0,
        0,
        0,
        null,
        0,
        null,
        null,
        null,
        1,
        null,
        null,
        1,
        0,
        0,
        null,
        0,
        null,
        null,
        null,
        1,
        0,
        0,
        null,
        null,
        null,
        1,
        null,
        1,
        0,
        null,
        null,
        1,
        0,
        null,
        null
      ],
      "/home/developer/DemoProject/app/controllers/application_controller.rb": [
        1,
        1,
        0,
        null,
        0,
        null,
        0,
        null,
        0,
        null,
        null,
        null
      ],
      "/home/developer/DemoProject/app/models/product.rb": [
        1,
        1,
        null,
        1,
        1,
        1,
        null,
        1,
        1,
        null,
        1,
        1,
        null,
        1,
        1,
        null
      ],
      "/home/developer/DemoProject/app/models/subcategory.rb": [
        1,
        1,
        1,
        null
      ],
      "/home/developer/DemoProject/app/models/category.rb": [
        1,
        1,
        null
      ],
      "/home/developer/DemoProject/app/channels/application_cable/channel.rb": [
        0,
        0,
        0,
        0
      ],
      "/home/developer/DemoProject/app/channels/application_cable/connection.rb": [
        0,
        0,
        0,
        0
      ],
      "/home/developer/DemoProject/app/controllers/adminhomepage_controller.rb": [
        0,
        0,
        0,
        0
      ],
      "/home/developer/DemoProject/app/controllers/cartdataitems_controller.rb": [
        0,
        0,
        null,
        0,
        0,
        0,
        null,
        0,
        0,
        0,
        0,
        0,
        0,
        0,
        0,
        null,
        0,
        0,
        0,
        0,
        0,
        0,
        0
      ],
      "/home/developer/DemoProject/app/controllers/carts_controller.rb": [
        0,
        0,
        null,
        0,
        0,
        0,
        0,
        0
      ],
      "/home/developer/DemoProject/app/controllers/categories_controller.rb": [
        0,
        0,
        null,
        0,
        0,
        0,
        null,
        0,
        0,
        0,
        null,
        0,
        0,
        0,
        0,
        0,
        0,
        0,
        0,
        null,
        0,
        null,
        0,
        null,
        0,
        0,
        0,
        0,
        0,
        0,
        0,
        null,
        0,
        0,
        0,
        0,
        0,
        null,
        0,
        null,
        0,
        0,
        0,
        null,
        0,
        0,
        0,
        0
      ],
      "/home/developer/DemoProject/app/controllers/homepage_controller.rb": [
        0,
        0,
        null,
        0,
        0,
        0,
        null,
        0,
        0,
        0,
        0,
        null,
        0,
        0,
        0,
        0,
        0,
        0,
        0,
        0,
        null,
        0,
        null,
        0,
        0,
        0,
        0
      ],
      "/home/developer/DemoProject/app/controllers/order_items_controller.rb": [
        0,
        0,
        null,
        0,
        0,
        0,
        0,
        0,
        0,
        0,
        0,
        0,
        0,
        0,
        null,
        0,
        0,
        0,
        0,
        0,
        0,
        0,
        0,
        0,
        0,
        0,
        0,
        0,
        0,
        0,
        0,
        0,
        0,
        0,
        0,
        0,
        0,
        0,
        0,
        0,
        0,
        0,
        0,
        0,
        null,
        0,
        0,
        0,
        0,
        0,
        0,
        0
      ],
      "/home/developer/DemoProject/app/controllers/orders_controller.rb": [
        0,
        0,
        null,
        0,
        0,
        0,
        0,
        0
      ],
      "/home/developer/DemoProject/app/controllers/product_statuses_controller.rb": [
        0,
        0,
        0,
        0,
        0,
        null,
        0,
        null,
        0,
        0,
        0,
        0
      ],
      "/home/developer/DemoProject/app/controllers/seller_homepage_controller.rb": [
        0,
        null,
        null,
        0,
        0,
        0,
        null,
        0,
        0,
        0,
        0
      ],
      "/home/developer/DemoProject/app/controllers/subcategories_controller.rb": [
        0,
        0,
        null,
        0,
        0,
        0,
        null,
        0,
        0,
        0,
        0,
        0,
        0,
        0,
        0,
        null,
        0,
        null,
        0,
        null,
        0,
        0,
        0,
        0,
        0,
        0,
        0,
        null,
        0,
        0,
        0,
        0,
        0,
        null,
        0,
        null,
        0,
        0,
        0,
        null,
        0,
        0,
        0,
        0
      ],
      "/home/developer/DemoProject/app/controllers/useraddresses_controller.rb": [
        0,
        0,
        null,
        0,
        0,
        0,
        null,
        0,
        0,
        0,
        0,
        null,
        0,
        0,
        null,
        0,
        0,
        0,
        0,
        0,
        0,
        0,
        null,
        0,
        0,
        0,
        0,
        0,
        null,
        0,
        null,
        0,
        0,
        0,
        null,
        0,
        0,
        0,
        0
      ],
      "/home/developer/DemoProject/app/controllers/users/registrations_controller.rb": [
        null,
        null,
        0,
        0,
        null,
        0,
        null,
        0,
        0,
        0,
        null,
        0,
        0,
        0,
        0,
        0,
        0,
        0,
        0,
        0,
        0,
        null,
        0,
        0,
        0,
        0,
        0,
        0,
        0,
        0,
        0,
        0,
        null,
        null,
        null,
        null,
        null,
        null,
        null,
        null,
        null,
        null,
        null,
        null,
        null,
        null,
        null,
        null,
        null,
        null,
        null,
        null,
        null,
        null,
        null,
        null,
        null,
        null,
        null,
        null,
        null,
        null,
        null,
        null,
        null,
        null,
        null,
        null,
        null,
        null,
        null,
        null,
        null,
        null,
        null,
        null,
        null,
        null,
        null,
        null,
        null,
        null,
        null,
        null,
        null,
        null,
        null,
        null,
        null,
        null,
        null,
        0
      ],
      "/home/developer/DemoProject/app/controllers/wishlist_items_controller.rb": [
        0,
        0,
        null,
        0,
        0,
        0,
        0,
        0,
        0,
        0,
        0,
        null,
        0,
        0,
        0,
        0,
        0,
        0,
        0
      ],
      "/home/developer/DemoProject/app/controllers/wishlists_controller.rb": [
        0,
        0,
        null,
        0,
        0,
        0,
        0,
        0
      ],
      "/home/developer/DemoProject/app/jobs/application_job.rb": [
        0,
        null,
        null,
        null,
        null,
        null,
        0
      ],
      "/home/developer/DemoProject/app/mailers/application_mailer.rb": [
        0,
        0,
        0,
        0
      ],
      "/home/developer/DemoProject/app/mailers/order_item_mailer.rb": [
        0,
        0,
        null,
        0,
        0,
        0,
        0,
        0,
        0
      ],
      "/home/developer/DemoProject/app/models/cart.rb": [
        0,
        0,
        0,
        0,
        0
      ],
      "/home/developer/DemoProject/app/models/cartdataitem.rb": [
        0,
        0,
        0,
        0
      ],
      "/home/developer/DemoProject/app/models/order.rb": [
        0,
        0,
        0,
        0,
        0
      ],
      "/home/developer/DemoProject/app/models/order_item.rb": [
        0,
        0,
        0,
        0,
        0,
        0
      ],
      "/home/developer/DemoProject/app/models/product_status.rb": [
        0,
        0,
        0
      ],
      "/home/developer/DemoProject/app/models/useraddress.rb": [
        0,
        0,
        0,
        0,
        0,
        0
      ],
      "/home/developer/DemoProject/app/models/wishlist.rb": [
        0,
        0,
        0,
        0,
        0
      ],
      "/home/developer/DemoProject/app/models/wishlist_item.rb": [
        0,
        0,
        0,
        0
      ]
    },
    "timestamp": 1726061138
  }
}
